<?xml version="1.0" encoding="UTF-8"?>
<robot generator="Robot 4.1.3 (Python 3.9.10 on win32)" generated="20220213 13:06:04.440" rpa="false" schemaversion="2">
<suite id="s1" name="LoginPageTest" source="C:\Users\Lenovo\PycharmProjects\FlickerRobot\TestCases\LoginPageTest.robot">
<test id="s1-t1" name="Login">
<kw name="open my browser" library="LoginPage">
<kw name="Open Browser" library="SeleniumLibrary">
<arg>${SiteUrl}</arg>
<arg>${Browser}</arg>
<doc>Opens a new browser instance to the optional ``url``.</doc>
<msg timestamp="20220213 13:06:04.666" level="INFO">Opening browser 'chrome' to base url 'https://www.flickr.com/'.</msg>
<status status="PASS" starttime="20220213 13:06:04.666" endtime="20220213 13:06:12.511"/>
</kw>
<kw name="Maximize Browser Window" library="SeleniumLibrary">
<doc>Maximizes current browser window.</doc>
<status status="PASS" starttime="20220213 13:06:12.511" endtime="20220213 13:06:12.625"/>
</kw>
<status status="PASS" starttime="20220213 13:06:04.665" endtime="20220213 13:06:12.625"/>
</kw>
<kw name="Click SignIn" library="LoginPage">
<kw name="Sleep" library="BuiltIn">
<arg>2</arg>
<doc>Pauses the test executed for the given time.</doc>
<msg timestamp="20220213 13:06:14.632" level="INFO">Slept 2 seconds</msg>
<status status="PASS" starttime="20220213 13:06:12.626" endtime="20220213 13:06:14.632"/>
</kw>
<kw name="Click Button" library="SeleniumLibrary">
<arg>${SIGNUP_BTN}</arg>
<doc>Clicks the button identified by ``locator``.</doc>
<msg timestamp="20220213 13:06:14.633" level="INFO">Clicking button 'xpath://*[@id='yui_3_16_0_1_1644735767203_506']'.</msg>
<msg timestamp="20220213 13:06:15.556" level="INFO" html="true">&lt;/td&gt;&lt;/tr&gt;&lt;tr&gt;&lt;td colspan="3"&gt;&lt;a href="selenium-screenshot-8.png"&gt;&lt;img src="selenium-screenshot-8.png" width="800px"&gt;&lt;/a&gt;</msg>
<msg timestamp="20220213 13:06:15.560" level="FAIL">Button with locator 'xpath://*[@id='yui_3_16_0_1_1644735767203_506']' not found.</msg>
<status status="FAIL" starttime="20220213 13:06:14.632" endtime="20220213 13:06:15.560"/>
</kw>
<status status="FAIL" starttime="20220213 13:06:12.625" endtime="20220213 13:06:15.561"/>
</kw>
<status status="FAIL" starttime="20220213 13:06:04.664" endtime="20220213 13:06:15.562">Button with locator 'xpath://*[@id='yui_3_16_0_1_1644735767203_506']' not found.</status>
</test>
<status status="FAIL" starttime="20220213 13:06:04.441" endtime="20220213 13:06:15.563"/>
</suite>
<statistics>
<total>
<stat pass="0" fail="1" skip="0">All Tests</stat>
</total>
<tag>
</tag>
<suite>
<stat pass="0" fail="1" skip="0" id="s1" name="LoginPageTest">LoginPageTest</stat>
</suite>
</statistics>
<errors>
</errors>
</robot>
